
> Attendance@1.0.0 start /home/bitnami/Attendance
> cross-env NODE_ENV=production node server/index.js


 READY  Server listening on http://0.0.0.0:3000

npm ERR! code ELIFECYCLE
npm ERR! errno 1
npm ERR! Attendance@1.0.0 start: `cross-env NODE_ENV=production node server/index.js`
npm ERR! Exit status 1
npm ERR! 
npm ERR! Failed at the Attendance@1.0.0 start script.
npm ERR! This is probably not a problem with npm. There is likely additional logging output above.

npm ERR! A complete log of this run can be found in:
npm ERR!     /home/bitnami/.npm/_logs/2020-05-07T14_32_48_780Z-debug.log

> Attendance@1.0.0 start /home/bitnami/Attendance
> cross-env NODE_ENV=production node server/index.js


 READY  Server listening on http://0.0.0.0:80

events.js:288
      throw er; // Unhandled 'error' event
      ^

Error: listen EACCES: permission denied 0.0.0.0:80
    at Server.setupListenHandle [as _listen2] (net.js:1292:21)
    at listenInCluster (net.js:1357:12)
    at doListen (net.js:1496:7)
    at processTicksAndRejections (internal/process/task_queues.js:85:21)
Emitted 'error' event on Server instance at:
    at emitErrorNT (net.js:1336:8)
    at processTicksAndRejections (internal/process/task_queues.js:84:21) {
  code: 'EACCES',
  errno: 'EACCES',
  syscall: 'listen',
  address: '0.0.0.0',
  port: 80
}
npm ERR! code ELIFECYCLE
npm ERR! errno 1
npm ERR! Attendance@1.0.0 start: `cross-env NODE_ENV=production node server/index.js`
npm ERR! Exit status 1
npm ERR! 
npm ERR! Failed at the Attendance@1.0.0 start script.
npm ERR! This is probably not a problem with npm. There is likely additional logging output above.

npm ERR! A complete log of this run can be found in:
npm ERR!     /home/bitnami/.npm/_logs/2020-05-07T14_33_24_749Z-debug.log
